TN:
SF:src\app\getLocation.js
FN:1,getLocation
FNF:1
FNH:1
FNDA:2,getLocation
DA:1,1
DA:2,2
DA:3,2
DA:4,1
DA:5,1
DA:6,1
DA:7,1
DA:8,1
DA:9,1
DA:10,1
DA:11,1
DA:12,1
DA:13,1
DA:14,2
LF:14
LH:14
BRDA:1,0,0,2
BRDA:3,1,0,1
BRF:2
BRH:2
end_of_record
TN:
SF:src\app\index.js
FN:11,inputCity
FN:29,updateHistoryList
FN:39,addLinks
FN:48,loadHistoryList
FN:65,addWeather
FN:76,updateWeather
FN:88,setFirstLocation
FNF:7
FNH:1
FNDA:0,inputCity
FNDA:14,updateHistoryList
FNDA:0,addLinks
FNDA:0,loadHistoryList
FNDA:0,addWeather
FNDA:0,updateWeather
FNDA:0,setFirstLocation
DA:1,1
DA:2,1
DA:3,1
DA:4,1
DA:5,1
DA:6,1
DA:7,1
DA:8,1
DA:9,1
DA:10,1
DA:11,1
DA:12,0
DA:13,0
DA:14,0
DA:15,0
DA:16,0
DA:17,0
DA:18,0
DA:19,0
DA:20,0
DA:21,0
DA:22,0
DA:23,0
DA:24,0
DA:25,0
DA:26,0
DA:27,0
DA:28,1
DA:29,1
DA:30,14
DA:31,2
DA:32,2
DA:33,14
DA:34,14
DA:35,14
DA:36,14
DA:37,14
DA:38,1
DA:39,1
DA:40,0
DA:41,0
DA:42,0
DA:43,0
DA:44,0
DA:45,0
DA:46,0
DA:47,1
DA:48,1
DA:49,0
DA:50,0
DA:51,0
DA:52,0
DA:53,0
DA:54,0
DA:55,0
DA:56,0
DA:57,0
DA:58,0
DA:59,0
DA:60,0
DA:61,0
DA:62,0
DA:63,0
DA:64,1
DA:65,1
DA:66,0
DA:67,0
DA:68,0
DA:69,0
DA:70,0
DA:71,0
DA:72,0
DA:73,0
DA:74,0
DA:75,1
DA:76,1
DA:77,0
DA:78,0
DA:79,0
DA:80,0
DA:81,0
DA:82,0
DA:83,0
DA:84,0
DA:85,0
DA:86,0
DA:87,1
DA:88,1
DA:89,0
DA:90,0
DA:91,0
DA:92,0
DA:93,0
DA:94,0
DA:95,1
DA:96,1
DA:97,0
DA:98,0
DA:99,0
DA:100,0
DA:101,0
DA:102,0
DA:103,1
LF:103
LH:34
BRDA:29,0,0,14
BRDA:30,1,0,2
BRF:2
BRH:2
end_of_record
TN:
SF:src\app\initPage.js
FN:1,initPage
FNF:1
FNH:1
FNDA:3,initPage
DA:1,1
DA:2,3
DA:3,3
DA:4,3
DA:5,3
DA:6,3
DA:7,3
DA:8,3
DA:9,3
DA:10,3
DA:11,3
DA:12,3
DA:13,3
DA:14,3
DA:15,3
DA:16,3
DA:17,3
DA:18,3
DA:19,3
DA:20,3
DA:21,3
DA:22,3
DA:23,3
DA:24,3
LF:24
LH:24
BRDA:1,0,0,3
BRF:1
BRH:1
end_of_record
TN:
SF:src\app\localstorage.js
FN:1,setLocalStorageItem
FN:6,getLocalStorageItem
FN:16,addCity
FNF:3
FNH:3
FNDA:1,setLocalStorageItem
FNDA:1,getLocalStorageItem
FNDA:5,addCity
DA:1,1
DA:2,1
DA:3,1
DA:4,1
DA:5,1
DA:6,1
DA:7,1
DA:8,1
DA:9,1
DA:10,1
DA:11,0
DA:12,0
DA:13,1
DA:14,1
DA:15,1
DA:16,1
DA:17,5
DA:18,1
DA:19,1
DA:20,1
DA:21,5
DA:22,4
DA:23,1
DA:24,1
DA:25,1
DA:26,4
DA:27,3
DA:28,3
DA:29,3
DA:30,4
DA:31,5
LF:31
LH:29
BRDA:1,0,0,1
BRDA:6,1,0,1
BRDA:10,2,0,0
BRDA:16,3,0,5
BRDA:17,4,0,1
BRDA:21,5,0,4
BRDA:22,6,0,1
BRDA:26,7,0,3
BRF:8
BRH:7
end_of_record
TN:
SF:src\app\map.js
FN:1,updateMap
FNF:1
FNH:1
FNDA:1,updateMap
DA:1,1
DA:2,1
DA:3,1
DA:4,1
DA:5,1
DA:6,1
DA:7,1
LF:7
LH:7
BRDA:1,0,0,1
BRF:1
BRH:1
end_of_record
TN:
SF:src\app\weather.js
FN:1,getWeather
FNF:1
FNH:1
FNDA:2,getWeather
DA:1,1
DA:2,2
DA:3,2
DA:4,2
DA:5,2
DA:6,2
DA:7,2
DA:8,2
DA:9,2
DA:10,2
DA:11,1
DA:12,1
DA:13,1
DA:14,1
DA:15,1
DA:16,1
DA:17,1
DA:18,1
DA:19,1
LF:19
LH:19
BRDA:1,0,0,2
BRDA:10,1,0,1
BRF:2
BRH:2
end_of_record
